<?xml version="1.0" encoding="UTF-8"?>
<!-- Generated by org.testng.reporters.JUnitXMLReporter -->
<testsuite hostname="L-101393-27July" ignored="0" name="DummyCucumberFramework" tests="2" failures="1" timestamp="2022-10-12T23:46:24 IST" time="30.479" errors="0">
  <testcase name="runScenario" time="24.364" classname="io.cucumber.testng.AbstractTestNGCucumberTests"/>
  <testcase name="runScenario" time="4.835" classname="io.cucumber.testng.AbstractTestNGCucumberTests">
    <failure type="java.lang.AssertionError" message="expected [true] but found [false]">
      <![CDATA[java.lang.AssertionError: expected [true] but found [false]
at StepDefinition.StepDef.page_title_should_be(StepDef.java:44)
at âœ½.Page title should be "Dashboard / nopCommerce administration"(file:///C:/Users/mohd.sayeed/OneDrive%20-%20Provana%20India%20Pvt.%20Ltd/IConnect247/Automation%20Training/Framework/DummyCucumberFramework/./Features/LoginFeatures.feature:20)
... Removed 4 stack frames]]>
    </failure>
  </testcase> <!-- runScenario -->
</testsuite> <!-- DummyCucumberFramework -->
