<?xml version="1.0" encoding="UTF-8"?>
<!-- Generated by org.testng.reporters.JUnitReportReporter -->
<testsuite skipped="0" hostname="L-101393-27July" name="TestRunner.Run" tests="3" failures="1" timestamp="2022-10-14T20:43:12 IST" time="43.134" errors="0">
  <testcase name="runScenario" time="5.676" classname="TestRunner.Run">
    <failure type="java.lang.AssertionError" message="expected [true] but found [false]">
      <![CDATA[java.lang.AssertionError: expected [true] but found [false]
at org.testng.Assert.fail(Assert.java:99)
at org.testng.Assert.failNotEquals(Assert.java:1037)
at org.testng.Assert.assertTrue(Assert.java:45)
at org.testng.Assert.assertTrue(Assert.java:55)
at StepDefinition.StepDef.page_title_should_be(StepDef.java:72)
at âœ½.Page title should be "Dashboard / nopCommerce administration"(file:///C:/Users/mohd.sayeed/OneDrive%20-%20Provana%20India%20Pvt.%20Ltd/IConnect247/Automation%20Training/Framework/DummyCucumberFramework/./Features/LoginFeatures.feature:20)
]]>
    </failure>
  </testcase> <!-- runScenario -->
  <system-out/>
  <testcase name="runScenario" time="11.503" classname="TestRunner.Run"/>
  <system-out/>
  <testcase name="runScenario" time="25.955" classname="TestRunner.Run"/>
  <system-out/>
</testsuite> <!-- TestRunner.Run -->
